StartupCarvaan/app/build/intermediates/manifest_merge_blame_file/release/manifest-merger-blame-release-report.txt
1<?xml version="1.0" encoding="utf-8"?>
2<manifest xmlns:android="http://schemas.android.com/apk/res/android"
3    package="recreate.india.main.startupcarvaan"
4    android:versionCode="5"
5    android:versionName="1.13" >
6
7    <uses-sdk
8        android:minSdkVersion="21"
8-->src\main\AndroidManifest.xml
9        android:targetSdkVersion="30" />
9-->src\main\AndroidManifest.xml
10
11    <uses-permission android:name="android.permission.INTERNET" />
11-->[com.pierfrancescosoffritti.androidyoutubeplayer:core:10.0.5] AndroidManifest.xml:11:5-67
11-->[com.pierfrancescosoffritti.androidyoutubeplayer:core:10.0.5] AndroidManifest.xml:11:22-64
12    <uses-permission android:name="android.permission.ACCESS_NETWORK_STATE" /> <!-- Android package visibility setting -->
12-->[com.pierfrancescosoffritti.androidyoutubeplayer:core:10.0.5] AndroidManifest.xml:12:5-79
12-->[com.pierfrancescosoffritti.androidyoutubeplayer:core:10.0.5] AndroidManifest.xml:12:22-76
13    <queries>
13-->[com.google.android.gms:play-services-ads-lite:20.1.0] AndroidManifest.xml:27:5-43:15
14
15        <!-- For browser content -->
16        <intent>
16-->[com.google.android.gms:play-services-ads-lite:20.1.0] AndroidManifest.xml:30:9-36:18
17            <action android:name="android.intent.action.VIEW" />
17-->[com.google.firebase:firebase-auth:20.0.3] AndroidManifest.xml:34:17-69
17-->[com.google.firebase:firebase-auth:20.0.3] AndroidManifest.xml:34:25-66
18
19            <category android:name="android.intent.category.BROWSABLE" />
19-->[com.google.firebase:firebase-auth:20.0.3] AndroidManifest.xml:37:17-78
19-->[com.google.firebase:firebase-auth:20.0.3] AndroidManifest.xml:37:27-75
20
21            <data android:scheme="https" />
21-->[com.razorpay:checkout:1.6.6] AndroidManifest.xml:25:17-27:47
21-->[com.razorpay:checkout:1.6.6] AndroidManifest.xml:27:21-44
22        </intent>
23        <!-- End of browser content -->
24        <!-- For CustomTabsService -->
25        <intent>
25-->[com.google.android.gms:play-services-ads-lite:20.1.0] AndroidManifest.xml:39:9-41:18
26            <action android:name="android.support.customtabs.action.CustomTabsService" />
26-->[com.google.android.gms:play-services-ads-lite:20.1.0] AndroidManifest.xml:40:13-90
26-->[com.google.android.gms:play-services-ads-lite:20.1.0] AndroidManifest.xml:40:21-87
27        </intent>
28        <!-- End of CustomTabsService -->
29    </queries>
30
31    <uses-permission android:name="android.permission.WAKE_LOCK" />
31-->[com.google.android.gms:play-services-measurement-sdk-api:18.0.0] AndroidManifest.xml:25:5-68
31-->[com.google.android.gms:play-services-measurement-sdk-api:18.0.0] AndroidManifest.xml:25:22-65
32    <uses-permission android:name="android.permission.RECEIVE_BOOT_COMPLETED" />
32-->[androidx.work:work-runtime:2.1.0] AndroidManifest.xml:27:5-81
32-->[androidx.work:work-runtime:2.1.0] AndroidManifest.xml:27:22-78
33
34    <application
34-->src\main\AndroidManifest.xml:5:5-62:19
35        android:allowBackup="true"
35-->src\main\AndroidManifest.xml:6:9-35
36        android:appComponentFactory="androidx.core.app.CoreComponentFactory"
36-->[androidx.core:core:1.3.1] AndroidManifest.xml:24:18-86
37        android:icon="@drawable/startupcarvaanlogo"
37-->src\main\AndroidManifest.xml:7:9-52
38        android:label="@string/app_name"
38-->src\main\AndroidManifest.xml:8:9-41
39        android:roundIcon="@drawable/startupcarvaanlogo"
39-->src\main\AndroidManifest.xml:9:9-57
40        android:supportsRtl="true"
40-->src\main\AndroidManifest.xml:10:9-35
41        android:theme="@style/Theme.StartupCarvaan" >
41-->src\main\AndroidManifest.xml:11:9-52
42        <activity
42-->src\main\AndroidManifest.xml:12:9-14:20
43            android:name="recreate.india.main.startupcarvaan.user.UpdateProfile"
43-->src\main\AndroidManifest.xml:12:19-53
44            android:theme="@style/MyTheme" >
44-->src\main\AndroidManifest.xml:13:13-43
45        </activity>
46        <activity android:name="recreate.india.main.startupcarvaan.AboutUs" />
46-->src\main\AndroidManifest.xml:15:9-45
46-->src\main\AndroidManifest.xml:15:19-42
47        <activity android:name="recreate.india.main.startupcarvaan.user.MoneyTransactions" />
47-->src\main\AndroidManifest.xml:16:9-60
47-->src\main\AndroidManifest.xml:16:19-57
48        <activity android:name="recreate.india.main.startupcarvaan.instamojo" />
48-->src\main\AndroidManifest.xml:17:9-47
48-->src\main\AndroidManifest.xml:17:19-44
49        <activity android:name="recreate.india.main.startupcarvaan.user.Transactions" />
49-->src\main\AndroidManifest.xml:18:9-55
49-->src\main\AndroidManifest.xml:18:19-52
50        <activity android:name="recreate.india.main.startupcarvaan.coin_exchange.AboutRCI" />
50-->src\main\AndroidManifest.xml:19:9-60
50-->src\main\AndroidManifest.xml:19:19-57
51        <activity android:name="recreate.india.main.startupcarvaan.Levels" />
51-->src\main\AndroidManifest.xml:20:9-44
51-->src\main\AndroidManifest.xml:20:19-41
52        <activity android:name="recreate.india.main.startupcarvaan.mainActivities.RecyclerActivity" />
52-->src\main\AndroidManifest.xml:21:9-69
52-->src\main\AndroidManifest.xml:21:19-66
53        <activity android:name="recreate.india.main.startupcarvaan.payments.payin" />
53-->src\main\AndroidManifest.xml:22:9-61
53-->src\main\AndroidManifest.xml:22:19-49
54        <activity android:name="recreate.india.main.startupcarvaan.Helppage" />
54-->src\main\AndroidManifest.xml:23:9-46
54-->src\main\AndroidManifest.xml:23:19-43
55        <activity android:name="recreate.india.main.startupcarvaan.coin_exchange.buy_rci" />
55-->src\main\AndroidManifest.xml:24:9-59
55-->src\main\AndroidManifest.xml:24:19-56
56        <activity android:name="recreate.india.main.startupcarvaan.mainActivities.IntroSliderActivity" />
56-->src\main\AndroidManifest.xml:25:9-72
56-->src\main\AndroidManifest.xml:25:19-69
57        <activity
57-->src\main\AndroidManifest.xml:26:9-28:46
58            android:name="recreate.india.main.startupcarvaan.user.CreateProfile"
58-->src\main\AndroidManifest.xml:27:13-47
59            android:theme="@style/MyTheme" />
59-->src\main\AndroidManifest.xml:28:13-43
60        <activity android:name="recreate.india.main.startupcarvaan.loginsignup.PhoneAuthActivity" />
60-->src\main\AndroidManifest.xml:29:9-67
60-->src\main\AndroidManifest.xml:29:19-64
61        <activity
61-->src\main\AndroidManifest.xml:30:9-33:46
62            android:name="recreate.india.main.startupcarvaan.user.ProfileActivity"
62-->src\main\AndroidManifest.xml:31:13-49
63            android:parentActivityName="recreate.india.main.startupcarvaan.mainActivities.MainActivity"
63-->src\main\AndroidManifest.xml:32:13-70
64            android:theme="@style/MyTheme" />
64-->src\main\AndroidManifest.xml:33:13-43
65        <activity
65-->src\main\AndroidManifest.xml:34:9-36:46
66            android:name="recreate.india.main.startupcarvaan.aboutshare.blogging"
66-->src\main\AndroidManifest.xml:35:13-48
67            android:theme="@style/MyTheme" />
67-->src\main\AndroidManifest.xml:36:13-43
68        <activity android:name="recreate.india.main.startupcarvaan.mainActivities.MainActivity" />
68-->src\main\AndroidManifest.xml:37:9-38:59
68-->src\main\AndroidManifest.xml:38:13-56
69        <activity android:name="recreate.india.main.startupcarvaan.mainActivities.PrivacyPolicy" />
69-->src\main\AndroidManifest.xml:39:9-66
69-->src\main\AndroidManifest.xml:39:19-63
70        <activity
70-->src\main\AndroidManifest.xml:40:9-42:70
71            android:name="recreate.india.main.startupcarvaan.loginsignup.loginActivity"
71-->src\main\AndroidManifest.xml:41:13-54
72            android:theme="@style/Theme.StartupCarvaan.Fullscreen" />
72-->src\main\AndroidManifest.xml:42:13-67
73        <activity
73-->src\main\AndroidManifest.xml:43:9-51:20
74            android:name="recreate.india.main.startupcarvaan.mainActivities.SplashScreen"
74-->src\main\AndroidManifest.xml:44:13-56
75            android:theme="@style/MyTheme" >
75-->src\main\AndroidManifest.xml:45:13-43
76            <intent-filter>
76-->src\main\AndroidManifest.xml:46:13-50:29
77                <action android:name="android.intent.action.MAIN" />
77-->src\main\AndroidManifest.xml:47:17-69
77-->src\main\AndroidManifest.xml:47:25-66
78
79                <category android:name="android.intent.category.LAUNCHER" />
79-->src\main\AndroidManifest.xml:49:17-77
79-->src\main\AndroidManifest.xml:49:27-74
80            </intent-filter>
81        </activity>
82        <activity
82-->src\main\AndroidManifest.xml:52:9-54:59
83            android:name="com.theartofdev.edmodo.cropper.CropImageActivity"
83-->src\main\AndroidManifest.xml:53:13-76
84            android:theme="@style/Base.Theme.AppCompat" />
84-->src\main\AndroidManifest.xml:54:13-56
85
86        <meta-data
86-->src\main\AndroidManifest.xml:56:9-58:70
87            android:name="com.google.android.gms.ads.APPLICATION_ID"
87-->src\main\AndroidManifest.xml:57:13-69
88            android:value="ca-app-pub-5245859690369666~7981162028" />
88-->src\main\AndroidManifest.xml:58:13-67
89        <meta-data
89-->src\main\AndroidManifest.xml:59:9-61:36
90            android:name="com.google.android.gms.wallet.api.enabled"
90-->src\main\AndroidManifest.xml:60:13-69
91            android:value="true" />
91-->src\main\AndroidManifest.xml:61:13-33
92
93        <activity
93-->[com.shreyaspatil:EasyUpiPayment:2.0] AndroidManifest.xml:12:9-14:81
94            android:name="com.shreyaspatil.EasyUpiPayment.ui.PaymentUiActivity"
94-->[com.shreyaspatil:EasyUpiPayment:2.0] AndroidManifest.xml:13:13-80
95            android:theme="@style/Theme.MaterialComponents.Light.NoActionBar" />
95-->[com.shreyaspatil:EasyUpiPayment:2.0] AndroidManifest.xml:14:13-78
96
97        <receiver android:name="com.razorpay.RzpTokenReceiver" >
97-->[com.razorpay:checkout:1.6.6] AndroidManifest.xml:12:9-16:20
97-->[com.razorpay:checkout:1.6.6] AndroidManifest.xml:12:19-63
98            <intent-filter>
98-->[com.razorpay:checkout:1.6.6] AndroidManifest.xml:13:13-15:29
99                <action android:name="rzp.device_token.share" />
99-->[com.razorpay:checkout:1.6.6] AndroidManifest.xml:14:17-65
99-->[com.razorpay:checkout:1.6.6] AndroidManifest.xml:14:25-62
100            </intent-filter>
101        </receiver>
102
103        <activity
103-->[com.razorpay:checkout:1.6.6] AndroidManifest.xml:18:9-29:20
104            android:name="com.razorpay.CheckoutActivity"
104-->[com.razorpay:checkout:1.6.6] AndroidManifest.xml:19:13-57
105            android:configChanges="keyboard|keyboardHidden|orientation|screenSize"
105-->[com.razorpay:checkout:1.6.6] AndroidManifest.xml:20:13-83
106            android:theme="@style/CheckoutTheme" >
106-->[com.razorpay:checkout:1.6.6] AndroidManifest.xml:21:13-49
107            <intent-filter>
107-->[com.razorpay:checkout:1.6.6] AndroidManifest.xml:22:13-28:29
108                <action android:name="android.intent.action.MAIN" />
108-->src\main\AndroidManifest.xml:47:17-69
108-->src\main\AndroidManifest.xml:47:25-66
109
110                <data
110-->[com.razorpay:checkout:1.6.6] AndroidManifest.xml:25:17-27:47
111                    android:host="rzp.io"
111-->[com.razorpay:checkout:1.6.6] AndroidManifest.xml:26:21-42
112                    android:scheme="io.rzp" />
112-->[com.razorpay:checkout:1.6.6] AndroidManifest.xml:27:21-44
113            </intent-filter>
114        </activity>
115        <activity
115-->[com.google.android.gms:play-services-auth:19.0.0] AndroidManifest.xml:23:9-27:75
116            android:name="com.google.android.gms.auth.api.signin.internal.SignInHubActivity"
116-->[com.google.android.gms:play-services-auth:19.0.0] AndroidManifest.xml:24:13-93
117            android:excludeFromRecents="true"
117-->[com.google.android.gms:play-services-auth:19.0.0] AndroidManifest.xml:25:13-46
118            android:exported="false"
118-->[com.google.android.gms:play-services-auth:19.0.0] AndroidManifest.xml:26:13-37
119            android:theme="@android:style/Theme.Translucent.NoTitleBar" />
119-->[com.google.android.gms:play-services-auth:19.0.0] AndroidManifest.xml:27:13-72
120        <!--
121            Service handling Google Sign-In user revocation. For apps that do not integrate with
122            Google Sign-In, this service will never be started.
123        -->
124        <service
124-->[com.google.android.gms:play-services-auth:19.0.0] AndroidManifest.xml:33:9-37:51
125            android:name="com.google.android.gms.auth.api.signin.RevocationBoundService"
125-->[com.google.android.gms:play-services-auth:19.0.0] AndroidManifest.xml:34:13-89
126            android:exported="true"
126-->[com.google.android.gms:play-services-auth:19.0.0] AndroidManifest.xml:35:13-36
127            android:permission="com.google.android.gms.auth.api.signin.permission.REVOCATION_NOTIFICATION"
127-->[com.google.android.gms:play-services-auth:19.0.0] AndroidManifest.xml:36:13-107
128            android:visibleToInstantApps="true" />
128-->[com.google.android.gms:play-services-auth:19.0.0] AndroidManifest.xml:37:13-48
129
130        <activity
130-->[com.google.firebase:firebase-auth:20.0.3] AndroidManifest.xml:27:9-44:20
131            android:name="com.google.firebase.auth.internal.GenericIdpActivity"
131-->[com.google.firebase:firebase-auth:20.0.3] AndroidManifest.xml:28:13-80
132            android:excludeFromRecents="true"
132-->[com.google.firebase:firebase-auth:20.0.3] AndroidManifest.xml:29:13-46
133            android:exported="true"
133-->[com.google.firebase:firebase-auth:20.0.3] AndroidManifest.xml:30:13-36
134            android:launchMode="singleTask"
134-->[com.google.firebase:firebase-auth:20.0.3] AndroidManifest.xml:31:13-44
135            android:theme="@android:style/Theme.Translucent.NoTitleBar" >
135-->[com.google.firebase:firebase-auth:20.0.3] AndroidManifest.xml:32:13-72
136            <intent-filter>
136-->[com.google.firebase:firebase-auth:20.0.3] AndroidManifest.xml:33:13-43:29
137                <action android:name="android.intent.action.VIEW" />
137-->[com.google.firebase:firebase-auth:20.0.3] AndroidManifest.xml:34:17-69
137-->[com.google.firebase:firebase-auth:20.0.3] AndroidManifest.xml:34:25-66
138
139                <category android:name="android.intent.category.DEFAULT" />
139-->[com.google.firebase:firebase-auth:20.0.3] AndroidManifest.xml:36:17-76
139-->[com.google.firebase:firebase-auth:20.0.3] AndroidManifest.xml:36:27-73
140                <category android:name="android.intent.category.BROWSABLE" />
140-->[com.google.firebase:firebase-auth:20.0.3] AndroidManifest.xml:37:17-78
140-->[com.google.firebase:firebase-auth:20.0.3] AndroidManifest.xml:37:27-75
141
142                <data
142-->[com.razorpay:checkout:1.6.6] AndroidManifest.xml:25:17-27:47
143                    android:host="firebase.auth"
143-->[com.razorpay:checkout:1.6.6] AndroidManifest.xml:26:21-42
144                    android:path="/"
145                    android:scheme="genericidp" />
145-->[com.razorpay:checkout:1.6.6] AndroidManifest.xml:27:21-44
146            </intent-filter>
147        </activity>
148        <activity
148-->[com.google.firebase:firebase-auth:20.0.3] AndroidManifest.xml:45:9-62:20
149            android:name="com.google.firebase.auth.internal.RecaptchaActivity"
149-->[com.google.firebase:firebase-auth:20.0.3] AndroidManifest.xml:46:13-79
150            android:excludeFromRecents="true"
150-->[com.google.firebase:firebase-auth:20.0.3] AndroidManifest.xml:47:13-46
151            android:exported="true"
151-->[com.google.firebase:firebase-auth:20.0.3] AndroidManifest.xml:48:13-36
152            android:launchMode="singleTask"
152-->[com.google.firebase:firebase-auth:20.0.3] AndroidManifest.xml:49:13-44
153            android:theme="@android:style/Theme.Translucent.NoTitleBar" >
153-->[com.google.firebase:firebase-auth:20.0.3] AndroidManifest.xml:50:13-72
154            <intent-filter>
154-->[com.google.firebase:firebase-auth:20.0.3] AndroidManifest.xml:51:13-61:29
155                <action android:name="android.intent.action.VIEW" />
155-->[com.google.firebase:firebase-auth:20.0.3] AndroidManifest.xml:34:17-69
155-->[com.google.firebase:firebase-auth:20.0.3] AndroidManifest.xml:34:25-66
156
157                <category android:name="android.intent.category.DEFAULT" />
157-->[com.google.firebase:firebase-auth:20.0.3] AndroidManifest.xml:36:17-76
157-->[com.google.firebase:firebase-auth:20.0.3] AndroidManifest.xml:36:27-73
158                <category android:name="android.intent.category.BROWSABLE" />
158-->[com.google.firebase:firebase-auth:20.0.3] AndroidManifest.xml:37:17-78
158-->[com.google.firebase:firebase-auth:20.0.3] AndroidManifest.xml:37:27-75
159
160                <data
160-->[com.razorpay:checkout:1.6.6] AndroidManifest.xml:25:17-27:47
161                    android:host="firebase.auth"
161-->[com.razorpay:checkout:1.6.6] AndroidManifest.xml:26:21-42
162                    android:path="/"
163                    android:scheme="recaptcha" />
163-->[com.razorpay:checkout:1.6.6] AndroidManifest.xml:27:21-44
164            </intent-filter>
165        </activity>
166
167        <service
167-->[com.google.firebase:firebase-auth:20.0.3] AndroidManifest.xml:64:9-73:19
168            android:name="com.google.firebase.auth.api.fallback.service.FirebaseAuthFallbackService"
168-->[com.google.firebase:firebase-auth:20.0.3] AndroidManifest.xml:65:13-101
169            android:enabled="true"
169-->[com.google.firebase:firebase-auth:20.0.3] AndroidManifest.xml:66:13-35
170            android:exported="false" >
170-->[com.google.firebase:firebase-auth:20.0.3] AndroidManifest.xml:67:13-37
171            <intent-filter>
171-->[com.google.firebase:firebase-auth:20.0.3] AndroidManifest.xml:68:13-72:29
172                <action android:name="com.google.firebase.auth.api.gms.service.START" />
172-->[com.google.firebase:firebase-auth:20.0.3] AndroidManifest.xml:69:17-89
172-->[com.google.firebase:firebase-auth:20.0.3] AndroidManifest.xml:69:25-86
173
174                <category android:name="android.intent.category.DEFAULT" />
174-->[com.google.firebase:firebase-auth:20.0.3] AndroidManifest.xml:36:17-76
174-->[com.google.firebase:firebase-auth:20.0.3] AndroidManifest.xml:36:27-73
175            </intent-filter>
176        </service>
177        <service
177-->[com.google.firebase:firebase-auth:20.0.3] AndroidManifest.xml:74:9-80:19
178            android:name="com.google.firebase.components.ComponentDiscoveryService"
178-->[com.google.firebase:firebase-auth:20.0.3] AndroidManifest.xml:75:13-84
179            android:directBootAware="true"
179-->[com.google.firebase:firebase-common:19.5.0] AndroidManifest.xml:35:13-43
180            android:exported="false" >
180-->[com.google.firebase:firebase-auth:20.0.3] AndroidManifest.xml:76:13-37
181            <meta-data
181-->[com.google.firebase:firebase-auth:20.0.3] AndroidManifest.xml:77:13-79:85
182                android:name="com.google.firebase.components:com.google.firebase.auth.FirebaseAuthRegistrar"
182-->[com.google.firebase:firebase-auth:20.0.3] AndroidManifest.xml:78:17-109
183                android:value="com.google.firebase.components.ComponentRegistrar" />
183-->[com.google.firebase:firebase-auth:20.0.3] AndroidManifest.xml:79:17-82
184            <meta-data
184-->[com.google.firebase:firebase-firestore:22.1.1] AndroidManifest.xml:20:13-22:85
185                android:name="com.google.firebase.components:com.google.firebase.firestore.FirestoreRegistrar"
185-->[com.google.firebase:firebase-firestore:22.1.1] AndroidManifest.xml:21:17-111
186                android:value="com.google.firebase.components.ComponentRegistrar" />
186-->[com.google.firebase:firebase-firestore:22.1.1] AndroidManifest.xml:22:17-82
187            <meta-data
187-->[com.google.firebase:firebase-storage:19.2.1] AndroidManifest.xml:33:13-35:85
188                android:name="com.google.firebase.components:com.google.firebase.storage.StorageRegistrar"
188-->[com.google.firebase:firebase-storage:19.2.1] AndroidManifest.xml:34:17-107
189                android:value="com.google.firebase.components.ComponentRegistrar" />
189-->[com.google.firebase:firebase-storage:19.2.1] AndroidManifest.xml:35:17-82
190            <!--
191                This registrar is not defined in the dynamic-module-support sdk itself to allow non-firebase
192                clients to use it as well, by defining this registrar in their own core/common library.
193            -->
194            <meta-data
194-->[com.google.firebase:firebase-common:19.5.0] AndroidManifest.xml:43:13-45:85
195                android:name="com.google.firebase.components:com.google.firebase.dynamicloading.DynamicLoadingRegistrar"
195-->[com.google.firebase:firebase-common:19.5.0] AndroidManifest.xml:44:17-121
196                android:value="com.google.firebase.components.ComponentRegistrar" />
196-->[com.google.firebase:firebase-common:19.5.0] AndroidManifest.xml:45:17-82
197        </service>
198
199        <provider
199-->[com.google.firebase:firebase-common:19.5.0] AndroidManifest.xml:26:9-31:39
200            android:name="com.google.firebase.provider.FirebaseInitProvider"
200-->[com.google.firebase:firebase-common:19.5.0] AndroidManifest.xml:27:13-77
201            android:authorities="recreate.india.main.startupcarvaan.firebaseinitprovider"
201-->[com.google.firebase:firebase-common:19.5.0] AndroidManifest.xml:28:13-72
202            android:directBootAware="true"
202-->[com.google.firebase:firebase-common:19.5.0] AndroidManifest.xml:29:13-43
203            android:exported="false"
203-->[com.google.firebase:firebase-common:19.5.0] AndroidManifest.xml:30:13-37
204            android:initOrder="100" />
204-->[com.google.firebase:firebase-common:19.5.0] AndroidManifest.xml:31:13-36
205
206        <activity
206-->[com.google.android.gms:play-services-base:17.1.0] AndroidManifest.xml:23:9-26:75
207            android:name="com.google.android.gms.common.api.GoogleApiActivity"
207-->[com.google.android.gms:play-services-base:17.1.0] AndroidManifest.xml:24:13-79
208            android:exported="false"
208-->[com.google.android.gms:play-services-base:17.1.0] AndroidManifest.xml:25:13-37
209            android:theme="@android:style/Theme.Translucent.NoTitleBar" /> <!-- Include the AdActivity and InAppPurchaseActivity configChanges and themes. -->
209-->[com.google.android.gms:play-services-base:17.1.0] AndroidManifest.xml:26:13-72
210        <activity
210-->[com.google.android.gms:play-services-ads-lite:20.1.0] AndroidManifest.xml:48:9-52:64
211            android:name="com.google.android.gms.ads.AdActivity"
211-->[com.google.android.gms:play-services-ads-lite:20.1.0] AndroidManifest.xml:49:13-65
212            android:configChanges="keyboard|keyboardHidden|orientation|screenLayout|uiMode|screenSize|smallestScreenSize"
212-->[com.google.android.gms:play-services-ads-lite:20.1.0] AndroidManifest.xml:50:13-122
213            android:exported="false"
213-->[com.google.android.gms:play-services-ads-lite:20.1.0] AndroidManifest.xml:51:13-37
214            android:theme="@android:style/Theme.Translucent" />
214-->[com.google.android.gms:play-services-ads-lite:20.1.0] AndroidManifest.xml:52:13-61
215
216        <provider
216-->[com.google.android.gms:play-services-ads-lite:20.1.0] AndroidManifest.xml:54:9-58:39
217            android:name="com.google.android.gms.ads.MobileAdsInitProvider"
217-->[com.google.android.gms:play-services-ads-lite:20.1.0] AndroidManifest.xml:55:13-76
218            android:authorities="recreate.india.main.startupcarvaan.mobileadsinitprovider"
218-->[com.google.android.gms:play-services-ads-lite:20.1.0] AndroidManifest.xml:56:13-73
219            android:exported="false"
219-->[com.google.android.gms:play-services-ads-lite:20.1.0] AndroidManifest.xml:57:13-37
220            android:initOrder="100" />
220-->[com.google.android.gms:play-services-ads-lite:20.1.0] AndroidManifest.xml:58:13-36
221
222        <service
222-->[com.google.android.gms:play-services-ads-lite:20.1.0] AndroidManifest.xml:60:9-63:40
223            android:name="com.google.android.gms.ads.AdService"
223-->[com.google.android.gms:play-services-ads-lite:20.1.0] AndroidManifest.xml:61:13-64
224            android:enabled="true"
224-->[com.google.android.gms:play-services-ads-lite:20.1.0] AndroidManifest.xml:62:13-35
225            android:exported="false" />
225-->[com.google.android.gms:play-services-ads-lite:20.1.0] AndroidManifest.xml:63:13-37
226
227        <meta-data
227-->[com.google.android.gms:play-services-basement:17.6.0] AndroidManifest.xml:23:9-25:69
228            android:name="com.google.android.gms.version"
228-->[com.google.android.gms:play-services-basement:17.6.0] AndroidManifest.xml:24:13-58
229            android:value="@integer/google_play_services_version" />
229-->[com.google.android.gms:play-services-basement:17.6.0] AndroidManifest.xml:25:13-66
230
231        <provider
231-->[androidx.work:work-runtime:2.1.0] AndroidManifest.xml:30:9-36:35
232            android:name="androidx.work.impl.WorkManagerInitializer"
232-->[androidx.work:work-runtime:2.1.0] AndroidManifest.xml:31:13-69
233            android:authorities="recreate.india.main.startupcarvaan.workmanager-init"
233-->[androidx.work:work-runtime:2.1.0] AndroidManifest.xml:32:13-68
234            android:directBootAware="false"
234-->[androidx.work:work-runtime:2.1.0] AndroidManifest.xml:33:13-44
235            android:exported="false"
235-->[androidx.work:work-runtime:2.1.0] AndroidManifest.xml:34:13-37
236            android:multiprocess="true" />
236-->[androidx.work:work-runtime:2.1.0] AndroidManifest.xml:35:13-40
237
238        <service
238-->[androidx.work:work-runtime:2.1.0] AndroidManifest.xml:38:9-43:35
239            android:name="androidx.work.impl.background.systemalarm.SystemAlarmService"
239-->[androidx.work:work-runtime:2.1.0] AndroidManifest.xml:39:13-88
240            android:directBootAware="false"
240-->[androidx.work:work-runtime:2.1.0] AndroidManifest.xml:40:13-44
241            android:enabled="@bool/enable_system_alarm_service_default"
241-->[androidx.work:work-runtime:2.1.0] AndroidManifest.xml:41:13-72
242            android:exported="false" />
242-->[androidx.work:work-runtime:2.1.0] AndroidManifest.xml:42:13-37
243        <service
243-->[androidx.work:work-runtime:2.1.0] AndroidManifest.xml:44:9-50:35
244            android:name="androidx.work.impl.background.systemjob.SystemJobService"
244-->[androidx.work:work-runtime:2.1.0] AndroidManifest.xml:45:13-84
245            android:directBootAware="false"
245-->[androidx.work:work-runtime:2.1.0] AndroidManifest.xml:46:13-44
246            android:enabled="@bool/enable_system_job_service_default"
246-->[androidx.work:work-runtime:2.1.0] AndroidManifest.xml:47:13-70
247            android:exported="true"
247-->[androidx.work:work-runtime:2.1.0] AndroidManifest.xml:48:13-36
248            android:permission="android.permission.BIND_JOB_SERVICE" />
248-->[androidx.work:work-runtime:2.1.0] AndroidManifest.xml:49:13-69
249
250        <receiver
250-->[androidx.work:work-runtime:2.1.0] AndroidManifest.xml:52:9-57:35
251            android:name="androidx.work.impl.utils.ForceStopRunnable$BroadcastReceiver"
251-->[androidx.work:work-runtime:2.1.0] AndroidManifest.xml:53:13-88
252            android:directBootAware="false"
252-->[androidx.work:work-runtime:2.1.0] AndroidManifest.xml:54:13-44
253            android:enabled="true"
253-->[androidx.work:work-runtime:2.1.0] AndroidManifest.xml:55:13-35
254            android:exported="false" />
254-->[androidx.work:work-runtime:2.1.0] AndroidManifest.xml:56:13-37
255        <receiver
255-->[androidx.work:work-runtime:2.1.0] AndroidManifest.xml:58:9-68:20
256            android:name="androidx.work.impl.background.systemalarm.ConstraintProxy$BatteryChargingProxy"
256-->[androidx.work:work-runtime:2.1.0] AndroidManifest.xml:59:13-106
257            android:directBootAware="false"
257-->[androidx.work:work-runtime:2.1.0] AndroidManifest.xml:60:13-44
258            android:enabled="false"
258-->[androidx.work:work-runtime:2.1.0] AndroidManifest.xml:61:13-36
259            android:exported="false" >
259-->[androidx.work:work-runtime:2.1.0] AndroidManifest.xml:62:13-37
260            <intent-filter>
260-->[androidx.work:work-runtime:2.1.0] AndroidManifest.xml:64:13-67:29
261                <action android:name="android.intent.action.ACTION_POWER_CONNECTED" />
261-->[androidx.work:work-runtime:2.1.0] AndroidManifest.xml:65:17-87
261-->[androidx.work:work-runtime:2.1.0] AndroidManifest.xml:65:25-84
262                <action android:name="android.intent.action.ACTION_POWER_DISCONNECTED" />
262-->[androidx.work:work-runtime:2.1.0] AndroidManifest.xml:66:17-90
262-->[androidx.work:work-runtime:2.1.0] AndroidManifest.xml:66:25-87
263            </intent-filter>
264        </receiver>
265        <receiver
265-->[androidx.work:work-runtime:2.1.0] AndroidManifest.xml:69:9-79:20
266            android:name="androidx.work.impl.background.systemalarm.ConstraintProxy$BatteryNotLowProxy"
266-->[androidx.work:work-runtime:2.1.0] AndroidManifest.xml:70:13-104
267            android:directBootAware="false"
267-->[androidx.work:work-runtime:2.1.0] AndroidManifest.xml:71:13-44
268            android:enabled="false"
268-->[androidx.work:work-runtime:2.1.0] AndroidManifest.xml:72:13-36
269            android:exported="false" >
269-->[androidx.work:work-runtime:2.1.0] AndroidManifest.xml:73:13-37
270            <intent-filter>
270-->[androidx.work:work-runtime:2.1.0] AndroidManifest.xml:75:13-78:29
271                <action android:name="android.intent.action.BATTERY_OKAY" />
271-->[androidx.work:work-runtime:2.1.0] AndroidManifest.xml:76:17-77
271-->[androidx.work:work-runtime:2.1.0] AndroidManifest.xml:76:25-74
272                <action android:name="android.intent.action.BATTERY_LOW" />